<?xml version="1.0" encoding="UTF-8"?>
<!-- Generated by org.testng.reporters.JUnitXMLReporter -->
<testsuite hostname="yueweiguo1" name="Default test" tests="10" failures="0" timestamp="7 Apr 2016 09:44:00 GMT" time="0.06" errors="0">
  <testcase name="setupEnv" time="0.009" classname="testNG.demo.TestNGDemo"/>
  <testcase name="testGroup1" time="0.001" classname="testNG.demo.TestNGDemo"/>
  <testcase name="testException" time="0.001" classname="testNG.demo.TestNGDemo"/>
  <testcase name="testGroup2" time="0.001" classname="testNG.demo.TestNGDemo"/>
  <testcase name="testIgnore" time="0.0" classname="testNG.demo.TestNGDemo"/>
  <testcase name="testNG" time="0.0" classname="testNG.demo.TestNGDemo"/>
  <testcase name="testNG1" time="0.001" classname="testNG.demo.TestNGDemo"/>
  <testcase name="testNG2" time="0.001" classname="testNG.demo.TestNGDemo"/>
  <testcase name="testParam" time="0.001" classname="testNG.demo.TestNGDemo"/>
  <testcase name="testMessage" time="0.001" classname="testNG.demo.TestNGDemo"/>
</testsuite> <!-- Default test -->
