<?xml version="1.0" encoding="UTF-8"?>
<!-- Generated by org.testng.reporters.JUnitXMLReporter -->
<testsuite hostname="yueweiguo1" name="test12" tests="9" failures="0" timestamp="7 Apr 2016 09:47:56 GMT" time="0.045" errors="0">
  <testcase name="setupEnv" time="0.01" classname="testNG.demo.TestNGDemo"/>
  <testcase name="testGroup1" time="0.001" classname="testNG.demo.TestNGDemo"/>
  <testcase name="testException" time="0.0" classname="testNG.demo.TestNGDemo"/>
  <testcase name="testGroup2" time="0.001" classname="testNG.demo.TestNGDemo"/>
  <testcase name="testNG" time="0.001" classname="testNG.demo.TestNGDemo"/>
  <testcase name="testNG1" time="0.001" classname="testNG.demo.TestNGDemo"/>
  <testcase name="testNG2" time="0.0" classname="testNG.demo.TestNGDemo"/>
  <testcase name="testParam" time="0.001" classname="testNG.demo.TestNGDemo"/>
  <testcase name="testMessage" time="0.001" classname="testNG.demo.TestNGDemo"/>
</testsuite> <!-- test12 -->
