<?xml version="1.0" encoding="UTF-8"?>
<testng-results skipped="0" failed="0" total="3" passed="3">
  <reporter-output>
  </reporter-output>
  <suite name="testNG.demo.TestNGDemo" duration-ms="19" started-at="2016-04-07T08:47:13Z" finished-at="2016-04-07T08:47:13Z">
    <groups>
    </groups>
    <test name="Command line test" duration-ms="19" started-at="2016-04-07T08:47:13Z" finished-at="2016-04-07T08:47:13Z">
      <class name="testNG.demo.TestNGDemo">
        <test-method status="PASS" signature="testNG()[pri:0, instance:testNG.demo.TestNGDemo@42d9a8c6]" name="testNG" duration-ms="7" started-at="2016-04-07T16:47:13Z" finished-at="2016-04-07T16:47:13Z">
          <reporter-output>
          </reporter-output>
        </test-method> <!-- testNG -->
        <test-method status="PASS" signature="testNG2()[pri:0, instance:testNG.demo.TestNGDemo@42d9a8c6]" name="testNG2" duration-ms="1" started-at="2016-04-07T16:47:13Z" finished-at="2016-04-07T16:47:13Z">
          <reporter-output>
          </reporter-output>
        </test-method> <!-- testNG2 -->
        <test-method status="PASS" signature="testNG1()[pri:0, instance:testNG.demo.TestNGDemo@42d9a8c6]" name="testNG1" duration-ms="0" started-at="2016-04-07T16:47:13Z" finished-at="2016-04-07T16:47:13Z">
          <reporter-output>
          </reporter-output>
        </test-method> <!-- testNG1 -->
      </class> <!-- testNG.demo.TestNGDemo -->
    </test> <!-- Command line test -->
  </suite> <!-- testNG.demo.TestNGDemo -->
</testng-results>
